2015-01-09T11:24:45+04:00 [myLogger] add new logger
2015-01-09T11:24:45+04:00 [myLogger] Успешно введены логин и пароль пользователемИван
2015-01-09T11:25:02+04:00 [myLogger] add new logger
2015-01-09T11:25:02+04:00 [myLogger] Успешно введены логин и пароль пользователем Иван
2015-01-09T11:27:38+04:00 [myLogger] add new logger
2015-01-09T11:27:38+04:00 [myLogger] Успешно введены логин и пароль пользователем Иван
2015-01-14T15:26:38+04:00 [myLogger] Поймано исключение: В строке 83: Ошибка в запросе к бд (Z:\home\localhost\www\NetBeans\Primer\class_db.php)
2015-01-14T15:27:15+04:00 [myLogger] В строке 83: Ошибка в запросе к бд (Z:\home\localhost\www\NetBeans\Primer\class_db.php)
2015-01-14T15:33:23+04:00 [myLogger] В строке 72: Ошибка в запросе к бд (Z:\home\localhost\www\NetBeans\Primer\class_db.php)
2015-01-14T15:44:57+04:00 [myLogger] В строке 86: Ошибка в возращении записи из результата запроса (Z:\home\localhost\www\NetBeans\Primer\class_db.php)
2015-01-14T15:46:08+04:00 [myLogger] Ошибка в возращении записи из результата запросаСтрока 86:  (Z:\home\localhost\www\NetBeans\Primer\class_db.php)
2015-01-14T15:46:17+04:00 [myLogger] Ошибка в возращении записи из результата запроса. Строка 86:  (Z:\home\localhost\www\NetBeans\Primer\class_db.php)
2015-01-14T15:47:40+04:00 [myLogger] Ошибка в возращении записи из результата запроса. Строка 86:  (Z:\home\localhost\www\NetBeans\Primer\class_db.php)
2015-01-14T15:47:53+04:00 [myLogger] Ошибка в возращении записи из результата запроса. Строка 86:  (Z:\home\localhost\www\NetBeans\Primer\class_db.php)
2015-01-14T15:48:17+04:00 [myLogger] Ошибка в возращении записи из результата запроса. Строка 86:  (Z:\home\localhost\www\NetBeans\Primer\class_db.php)
2015-01-14T15:48:41+04:00 [myLogger] Ошибка в возращении записи из результата запроса. Строка 86:  (Z:\home\localhost\www\NetBeans\Primer\class_db.php)
2015-01-14T15:48:56+04:00 [myLogger] Ошибка в возращении записи из результата запроса. Строка 86:  (Z:\home\localhost\www\NetBeans\Primer\class_db.php)
2015-01-14T16:01:44+04:00 [myLogger] Ошибка в возращении записи из результата запроса. Строка 85:  (Z:\home\localhost\www\NetBeans\Primer\class_db.php)
2015-01-14T16:01:45+04:00 [myLogger] Ошибка в возращении записи из результата запроса. Строка 85:  (Z:\home\localhost\www\NetBeans\Primer\class_db.php)
2015-01-14T16:02:50+04:00 [myLogger] Ошибка в возращении записи из результата запроса. Строка 85:  (Z:\home\localhost\www\NetBeans\Primer\class_db.php)
2015-01-14T16:02:50+04:00 [myLogger] Ошибка в возращении записи из результата запроса. Строка 85:  (Z:\home\localhost\www\NetBeans\Primer\class_db.php)
2015-01-14T16:03:06+04:00 [myLogger] Ошибка в возращении записи из результата запроса. Строка 85:  (Z:\home\localhost\www\NetBeans\Primer\class_db.php)
2015-01-14T16:17:19+04:00 [myLogger] Ошибка в возращении записи из результата запроса. Строка 85:  (Z:\home\localhost\www\NetBeans\Primer\class_db.php)
2015-01-15T13:04:32+04:00 [myLogger] Ошибка в возращении записи из результата запроса. Строка 85:  (Z:\home\localhost\www\NetBeans\Primer\class_db.php)
2015-01-20T10:53:21+04:00 [myLogger] Ошибка в возращении записи из результата запроса. Строка 85:  (Z:\home\localhost\www\NetBeans\Primer\class_db.php)
2015-01-20T10:54:24+04:00 [myLogger] Ошибка в возращении записи из результата запроса. Строка 85:  (Z:\home\localhost\www\NetBeans\Primer\class_db.php)
2015-01-20T10:54:35+04:00 [myLogger] Ошибка в возращении записи из результата запроса. Строка 85:  (Z:\home\localhost\www\NetBeans\Primer\class_db.php)
2015-01-20T10:55:10+04:00 [myLogger] Ошибка в возращении записи из результата запроса. Строка 85:  (Z:\home\localhost\www\NetBeans\Primer\class_db.php)
2015-01-21T01:13:03+04:00 [myLogger] Ошибка в возращении записи из результата запроса. Строка 56:  (Z:\home\localhost\www\NetBeans\Primer\class_db.php)
2015-01-21T01:14:18+04:00 [myLogger] Ошибка в возращении записи из результата запроса. Строка 56:  (Z:\home\localhost\www\NetBeans\Primer\class_db.php)
2015-01-21T01:17:48+04:00 [myLogger] Ошибка в запросе к бд. Строка 42:  (Z:\home\localhost\www\NetBeans\Primer\class_db.php)
2015-01-21T01:18:12+04:00 [myLogger] Ошибка в запросе к бд. Строка 42:  (Z:\home\localhost\www\NetBeans\Primer\class_db.php)
2015-01-21T01:18:40+04:00 [myLogger] Ошибка в возращении записи из результата запроса. Строка 56:  (Z:\home\localhost\www\NetBeans\Primer\class_db.php)
2015-01-21T01:24:58+04:00 [myLogger] Ошибка в возращении записи из результата запроса. Строка 56:  (Z:\home\localhost\www\NetBeans\Primer\class_db.php)
2015-01-21T01:38:16+04:00 [myLogger] Ошибка в возращении записи из результата запроса. Строка 56:  (Z:\home\localhost\www\NetBeans\Primer\class_db.php)
2015-01-21T01:38:31+04:00 [myLogger] Ошибка в возращении записи из результата запроса. Строка 55:  (Z:\home\localhost\www\NetBeans\Primer\class_db.php)
2015-01-21T01:40:44+04:00 [myLogger] Ошибка в возращении записи из результата запроса. Строка 55:  (Z:\home\localhost\www\NetBeans\Primer\class_db.php)
2015-01-21T01:42:01+04:00 [myLogger] Ошибка в возращении записи из результата запроса. Строка 55:  (Z:\home\localhost\www\NetBeans\Primer\class_db.php)
2015-01-21T01:42:54+04:00 [myLogger] Ошибка в возращении записи из результата запроса. Строка 55:  (Z:\home\localhost\www\NetBeans\Primer\class_db.php)
2015-01-21T01:42:55+04:00 [myLogger] Ошибка в возращении записи из результата запроса. Строка 55:  (Z:\home\localhost\www\NetBeans\Primer\class_db.php)
2015-01-21T01:42:55+04:00 [myLogger] Ошибка в возращении записи из результата запроса. Строка 55:  (Z:\home\localhost\www\NetBeans\Primer\class_db.php)
2015-01-21T01:43:11+04:00 [myLogger] Успешно введены логин и пароль пользователем Иван
2015-01-21T01:44:20+04:00 [myLogger] Успешно введены логин и пароль пользователем Иван
2015-01-21T02:21:28+04:00 [myLogger] Успешно введены логин и пароль пользователем Иван
2015-01-21T02:21:29+04:00 [myLogger] Успешно введены логин и пароль пользователем Иван
2015-01-21T02:21:29+04:00 [myLogger] Успешно введены логин и пароль пользователем Иван
2015-01-21T02:21:29+04:00 [myLogger] Успешно введены логин и пароль пользователем Иван
2015-01-21T02:21:29+04:00 [myLogger] Успешно введены логин и пароль пользователем Иван
2015-01-21T02:21:29+04:00 [myLogger] Успешно введены логин и пароль пользователем Иван
2015-01-21T02:21:30+04:00 [myLogger] Успешно введены логин и пароль пользователем Иван
2015-01-21T12:19:30+04:00 [myLogger] Успешно введены логин и пароль пользователем Иван
2015-01-21T12:19:30+04:00 [myLogger] Успешно введены логин и пароль пользователем Иван
2015-01-21T12:24:36+04:00 [myLogger] Успешно введены логин и пароль пользователем Иван
