2015-04-12T16:10:17+04:00 ERROR [UserDAO] [Z:\home\localhost\www\NetBeans\PhpPrimer1\DAO\UserDAO.php]: 30: Ошибка добавления строки в таблицу: alluser( ОШИБКА:  повторяющееся значение ключа нарушает ограничение уникальности "must_be_different_login"
DETAIL:  Ключ "(login)=(ivan                                              )" уже существует.).  
2015-04-12T16:13:56+04:00 ERROR [UserDAO] [Z:\home\localhost\www\NetBeans\PhpPrimer1\DAO\UserDAO.php]: 79: Ошибка добавления строки в таблицу: role_user( ОШИБКА:  повторяющееся значение ключа нарушает ограничение уникальности "must_be_different_role_user"
DETAIL:  Ключ "(id_role, id_user)=(1, 1)" уже существует.).  
2015-04-12T17:28:18+04:00 ERROR [AuthorQuizDAO] [Z:\home\localhost\www\NetBeans\PhpPrimer1\DAO\AuthorQuizDAO.php]: 61: Ошибка удаления строки из таблицы: user_role_test(ОШИБКА:  ошибка синтаксиса (примерное положение: ")")
LINE 1: ...rviewees WHERE id_user=$1 and id_test=$2 and group_ldap=$3);
                                                                     ^).  
2015-04-13T20:22:49+04:00 ERROR [DB] [Z:\home\localhost\www\NetBeans\PhpPrimer1\lib\DB.php]: 47: Ошибка возврата значения( ).  
2015-04-13T20:23:04+04:00 ERROR [DB] [Z:\home\localhost\www\NetBeans\PhpPrimer1\lib\DB.php]: 47: Ошибка возврата значения( ).  
2015-04-13T20:23:33+04:00 ERROR [DB] [Z:\home\localhost\www\NetBeans\PhpPrimer1\lib\DB.php]: 48: Ошибка возврата значения( ).  
2015-04-13T20:24:15+04:00 ERROR [DB] [Z:\home\localhost\www\NetBeans\PhpPrimer1\lib\DB.php]: 48: Ошибка возврата значения( ).  
2015-04-13T20:25:32+04:00 ERROR [DB] [Z:\home\localhost\www\NetBeans\PhpPrimer1\lib\DB.php]: 48: Ошибка возврата значения( ).  
2015-04-13T20:26:01+04:00 ERROR [DB] [Z:\home\localhost\www\NetBeans\PhpPrimer1\lib\DB.php]: 48: Ошибка возврата значения( ).  
2015-04-13T20:27:01+04:00 ERROR [DB] [Z:\home\localhost\www\NetBeans\PhpPrimer1\lib\DB.php]: 48: Ошибка возврата значения( ).  
2015-04-18T18:25:16+04:00 ERROR [AdministrationDAO] [Z:\home\localhost\www\NetBeans\PhpPrimer1\DAO\UserDAO.php]: 78: Ошибка добавления строки в таблицу: role_user( ОШИБКА:  повторяющееся значение ключа нарушает ограничение уникальности "must_be_different_role_user"
DETAIL:  Ключ "(id_role, id_user)=(3, 15)" уже существует.).  
2015-04-18T18:25:16+04:00 ERROR [AdministrationDAO] [Z:\home\localhost\www\NetBeans\PhpPrimer1\DAO\UserDAO.php]: 78: Ошибка добавления строки в таблицу: role_user( ОШИБКА:  повторяющееся значение ключа нарушает ограничение уникальности "must_be_different_role_user"
DETAIL:  Ключ "(id_role, id_user)=(2, 15)" уже существует.).  
2015-04-18T18:29:54+04:00 ERROR [AdministrationDAO] [Z:\home\localhost\www\NetBeans\PhpPrimer1\DAO\UserDAO.php]: 78: Ошибка добавления строки в таблицу: role_user( ОШИБКА:  повторяющееся значение ключа нарушает ограничение уникальности "must_be_different_role_user"
DETAIL:  Ключ "(id_role, id_user)=(3, 15)" уже существует.).  
2015-04-18T18:29:54+04:00 ERROR [AdministrationDAO] [Z:\home\localhost\www\NetBeans\PhpPrimer1\DAO\UserDAO.php]: 78: Ошибка добавления строки в таблицу: role_user( ОШИБКА:  повторяющееся значение ключа нарушает ограничение уникальности "must_be_different_role_user"
DETAIL:  Ключ "(id_role, id_user)=(2, 15)" уже существует.).  
2015-04-19T00:00:06+04:00 ERROR [QuizDAO] [Z:\home\localhost\www\NetBeans\PhpPrimer1\DAO\QuizDAO.php]: 33: Ошибка добавления строки в таблицу: test(ОШИБКА:  колонка "id_status_quiz" в таблице "test" не существует
LINE 1: ...limit, comment_test, see_the_result, see_details, id_status_...
                                                             ^).  
2015-04-19T00:00:38+04:00 ERROR [QuizDAO] [Z:\home\localhost\www\NetBeans\PhpPrimer1\DAO\QuizDAO.php]: 33: Ошибка добавления строки в таблицу: test(ОШИБКА:  неверный синтаксис для типа interval: "").  
2015-04-19T00:00:50+04:00 ERROR [QuizDAO] [Z:\home\localhost\www\NetBeans\PhpPrimer1\DAO\QuizDAO.php]: 33: Ошибка добавления строки в таблицу: test(ОШИБКА:  нулевое значение в колонке "author_test" нарушает ограничение NOT NULL
DETAIL:  Ошибочная строка содержит (2, test                                                            ..., null, test                                                            ..., Y, Y, 1, null).).  
2015-04-19T00:02:19+04:00 ERROR [QuizDAO] [Z:\home\localhost\www\NetBeans\PhpPrimer1\DAO\QuizDAO.php]: 33: Ошибка добавления строки в таблицу: test(ОШИБКА:  нулевое значение в колонке "author_test" нарушает ограничение NOT NULL
DETAIL:  Ошибочная строка содержит (3, test                                                            ..., null, test                                                            ..., Y, Y, 1, null).).  
2015-04-19T09:20:13+04:00 ERROR [QuizDAO] [Z:\home\localhost\www\NetBeans\PhpPrimer1\DAO\QuizDAO.php]: 96: Ошибка обновления строки в таблице: test(ОШИБКА:  ошибка синтаксиса (примерное положение: "where")
LINE 1: UPDATE test SET time_limit=$1, where id_test=$2;
                                       ^).  
2015-04-19T09:20:13+04:00 ERROR [QuizDAO] [Z:\home\localhost\www\NetBeans\PhpPrimer1\DAO\QuizDAO.php]: 111: Ошибка обновления строки в таблице: test(ОШИБКА:  ошибка синтаксиса (примерное положение: "where")
LINE 1: UPDATE test SET see_the_result=$1, where id_test=$2;
                                           ^).  
2015-04-19T09:20:13+04:00 ERROR [QuizDAO] [Z:\home\localhost\www\NetBeans\PhpPrimer1\DAO\QuizDAO.php]: 126: Ошибка обновления строки в таблице: test(ОШИБКА:  ошибка синтаксиса (примерное положение: "where")
LINE 1: UPDATE test SET see_details=$1, where id_test=$2;
                                        ^).  
2015-04-19T09:20:13+04:00 ERROR [QuizDAO] [Z:\home\localhost\www\NetBeans\PhpPrimer1\DAO\QuizDAO.php]: 155: Ошибка обновления строки в таблице: test(ОШИБКА:  ошибка синтаксиса (примерное положение: "where")
LINE 1: UPDATE test SET comment_test=$1, where id_test=$2;
                                         ^).  
2015-04-19T09:20:13+04:00 ERROR [QuizDAO] [Z:\home\localhost\www\NetBeans\PhpPrimer1\DAO\QuizDAO.php]: 155: Ошибка обновления строки в таблице: test(ОШИБКА:  ошибка синтаксиса (примерное положение: "where")
LINE 1: UPDATE test SET comment_test=$1, where id_test=$2;
                                         ^).  
2015-04-19T09:20:13+04:00 ERROR [QuizDAO] [Z:\home\localhost\www\NetBeans\PhpPrimer1\DAO\QuizDAO.php]: 183: Ошибка запроса в таблице: test(ОШИБКА:  колонка "id_status_quiz" не существует
LINE 1: Select id_status_quiz from test where id_test=$1;
               ^).  
2015-04-19T09:29:01+04:00 ERROR [QuizDAO] [Z:\home\localhost\www\NetBeans\PhpPrimer1\DAO\QuizDAO.php]: 96: Ошибка обновления строки в таблице: test(ОШИБКА:  ошибка синтаксиса (примерное положение: "where")
LINE 1: UPDATE test SET time_limit=$1, where id_test=$2;
                                       ^).  
2015-04-19T09:29:01+04:00 ERROR [QuizDAO] [Z:\home\localhost\www\NetBeans\PhpPrimer1\DAO\QuizDAO.php]: 111: Ошибка обновления строки в таблице: test(ОШИБКА:  ошибка синтаксиса (примерное положение: "where")
LINE 1: UPDATE test SET see_the_result=$1, where id_test=$2;
                                           ^).  
2015-04-19T09:29:01+04:00 ERROR [QuizDAO] [Z:\home\localhost\www\NetBeans\PhpPrimer1\DAO\QuizDAO.php]: 126: Ошибка обновления строки в таблице: test(ОШИБКА:  ошибка синтаксиса (примерное положение: "where")
LINE 1: UPDATE test SET see_details=$1, where id_test=$2;
                                        ^).  
2015-04-19T09:29:01+04:00 ERROR [QuizDAO] [Z:\home\localhost\www\NetBeans\PhpPrimer1\DAO\QuizDAO.php]: 155: Ошибка обновления строки в таблице: test(ОШИБКА:  ошибка синтаксиса (примерное положение: "where")
LINE 1: UPDATE test SET comment_test=$1, where id_test=$2;
                                         ^).  
2015-04-19T09:29:01+04:00 ERROR [QuizDAO] [Z:\home\localhost\www\NetBeans\PhpPrimer1\DAO\QuizDAO.php]: 155: Ошибка обновления строки в таблице: test(ОШИБКА:  ошибка синтаксиса (примерное положение: "where")
LINE 1: UPDATE test SET comment_test=$1, where id_test=$2;
                                         ^).  
2015-04-19T09:29:01+04:00 ERROR [QuizDAO] [Z:\home\localhost\www\NetBeans\PhpPrimer1\DAO\QuizDAO.php]: 183: Ошибка запроса в таблице: test(ОШИБКА:  колонка "id_status_quiz" не существует
LINE 1: Select id_status_quiz from test where id_test=$1;
               ^).  
2015-04-19T09:33:54+04:00 ERROR [QuizDAO] [Z:\home\localhost\www\NetBeans\PhpPrimer1\DAO\QuizDAO.php]: 96: Ошибка обновления строки в таблице: test(ОШИБКА:  ошибка синтаксиса (примерное положение: "where")
LINE 1: UPDATE test SET time_limit=$1, where id_test=$2;
                                       ^).  
2015-04-19T09:33:54+04:00 ERROR [QuizDAO] [Z:\home\localhost\www\NetBeans\PhpPrimer1\DAO\QuizDAO.php]: 111: Ошибка обновления строки в таблице: test(ОШИБКА:  ошибка синтаксиса (примерное положение: "where")
LINE 1: UPDATE test SET see_the_result=$1, where id_test=$2;
                                           ^).  
2015-04-19T09:33:54+04:00 ERROR [QuizDAO] [Z:\home\localhost\www\NetBeans\PhpPrimer1\DAO\QuizDAO.php]: 126: Ошибка обновления строки в таблице: test(ОШИБКА:  ошибка синтаксиса (примерное положение: "where")
LINE 1: UPDATE test SET see_details=$1, where id_test=$2;
                                        ^).  
2015-04-19T09:33:54+04:00 ERROR [QuizDAO] [Z:\home\localhost\www\NetBeans\PhpPrimer1\DAO\QuizDAO.php]: 155: Ошибка обновления строки в таблице: test(ОШИБКА:  ошибка синтаксиса (примерное положение: "where")
LINE 1: UPDATE test SET comment_test=$1, where id_test=$2;
                                         ^).  
2015-04-19T09:33:54+04:00 ERROR [QuizDAO] [Z:\home\localhost\www\NetBeans\PhpPrimer1\DAO\QuizDAO.php]: 155: Ошибка обновления строки в таблице: test(ОШИБКА:  ошибка синтаксиса (примерное положение: "where")
LINE 1: UPDATE test SET comment_test=$1, where id_test=$2;
                                         ^).  
2015-04-19T09:33:54+04:00 ERROR [QuizDAO] [Z:\home\localhost\www\NetBeans\PhpPrimer1\DAO\QuizDAO.php]: 183: Ошибка запроса в таблице: test(ОШИБКА:  колонка "id_status_quiz" не существует
LINE 1: Select id_status_quiz from test where id_test=$1;
               ^).  
2015-04-19T09:35:10+04:00 ERROR [QuizDAO] [Z:\home\localhost\www\NetBeans\PhpPrimer1\DAO\QuizDAO.php]: 33: Ошибка добавления строки в таблицу: test(ОШИБКА:  повторяющееся значение ключа нарушает ограничение уникальности "must_be_different_test"
DETAIL:  Ключ "(topic, time_limit, comment_test, see_the_result, see_details, id_status_test, author_test)=(test                                                                                                                                                  , 17:12:28.5, test                                                                                                                                                  , Y, Y, 1, 9)" уже существует.).  
2015-04-19T09:35:10+04:00 ERROR [QuizDAO] [Z:\home\localhost\www\NetBeans\PhpPrimer1\DAO\QuizDAO.php]: 183: Ошибка запроса в таблице: test(ОШИБКА:  колонка "id_status_quiz" не существует
LINE 1: Select id_status_quiz from test where id_test=$1;
               ^).  
2015-04-19T09:35:44+04:00 ERROR [QuizDAO] [Z:\home\localhost\www\NetBeans\PhpPrimer1\DAO\QuizDAO.php]: 33: Ошибка добавления строки в таблицу: test(ОШИБКА:  повторяющееся значение ключа нарушает ограничение уникальности "must_be_different_test"
DETAIL:  Ключ "(topic, time_limit, comment_test, see_the_result, see_details, id_status_test, author_test)=(test                                                                                                                                                  , 17:12:28.5, test                                                                                                                                                  , Y, Y, 1, 9)" уже существует.).  
2015-04-19T09:40:43+04:00 ERROR [QuizDAO] [Z:\home\localhost\www\NetBeans\PhpPrimer1\DAO\QuizDAO.php]: 33: Ошибка добавления строки в таблицу: test(ОШИБКА:  повторяющееся значение ключа нарушает ограничение уникальности "must_be_different_test"
DETAIL:  Ключ "(topic, time_limit, comment_test, see_the_result, see_details, id_status_test, author_test)=(test                                                                                                                                                  , 17:12:28.5, test                                                                                                                                                  , Y, Y, 1, 9)" уже существует.).  
2015-04-19T09:42:42+04:00 ERROR [QuizDAO] [Z:\home\localhost\www\NetBeans\PhpPrimer1\DAO\QuizDAO.php]: 33: Ошибка добавления строки в таблицу: test(ОШИБКА:  повторяющееся значение ключа нарушает ограничение уникальности "must_be_different_test"
DETAIL:  Ключ "(topic, time_limit, comment_test, see_the_result, see_details, id_status_test, author_test)=(test                                                                                                                                                  , 17:12:28.5, test                                                                                                                                                  , Y, Y, 1, 9)" уже существует.).  
2015-04-19T09:46:03+04:00 ERROR [QuizDAO] [Z:\home\localhost\www\NetBeans\PhpPrimer1\DAO\QuizDAO.php]: 33: Ошибка добавления строки в таблицу: test(ОШИБКА:  повторяющееся значение ключа нарушает ограничение уникальности "must_be_different_test"
DETAIL:  Ключ "(topic, time_limit, comment_test, see_the_result, see_details, id_status_test, author_test)=(test                                                                                                                                                  , 17:12:28.5, test                                                                                                                                                  , Y, Y, 1, 9)" уже существует.).  
2015-04-19T23:36:29+04:00 ERROR [AnswerOptionsDAO] [Z:\home\localhost\www\NetBeans\PhpPrimer1\DAO\AnswerOptionsDAO.php]: 27: Ошибка добавления строки в таблице: answer_option(ОШИБКА:  в сообщении Bind передано неверное число параметров (3, а подготовленный оператор "" требует 0)).  
2015-04-20T22:27:57+04:00 ERROR [QuizDAO] [Z:\home\localhost\www\NetBeans\PhpPrimer1\DAO\QuizDAO.php]: 34: Ошибка добавления строки в таблицу: test().  
2015-04-20T23:09:27+04:00 ERROR [QuizDAO] [Z:\home\localhost\www\NetBeans\PhpPrimer1\DAO\QuizDAO.php]: 34: Ошибка добавления строки в таблицу: test().  
2015-04-20T23:11:39+04:00 ERROR [QuizDAO] [Z:\home\localhost\www\NetBeans\PhpPrimer1\DAO\QuizDAO.php]: 34: Ошибка добавления строки в таблицу: test().  
2015-04-20T23:13:58+04:00 ERROR [QuizDAO] [Z:\home\localhost\www\NetBeans\PhpPrimer1\DAO\QuizDAO.php]: 34: Ошибка добавления строки в таблицу: test().  
2015-04-25T23:39:05+04:00 ERROR [AdministrationDAO] [Z:\home\localhost\www\NetBeans\PhpPrimer1\DAO\UserDAO.php]: 64: Ошибка удаления строки в таблице: alluser( ОШИБКА:  UPDATE или DELETE в таблице "alluser" нарушает ограничение внешнего ключа "user_role_fkey" таблицы "role_user"
DETAIL:  На ключ (id_user)=(10) всё ещё есть ссылки в таблице "role_user".).  
2015-04-25T23:39:45+04:00 ERROR [AdministrationDAO] [Z:\home\localhost\www\NetBeans\PhpPrimer1\DAO\UserDAO.php]: 64: Ошибка удаления строки в таблице: alluser( ОШИБКА:  UPDATE или DELETE в таблице "alluser" нарушает ограничение внешнего ключа "user_role_fkey" таблицы "role_user"
DETAIL:  На ключ (id_user)=(12) всё ещё есть ссылки в таблице "role_user".).  
2015-04-25T23:39:53+04:00 ERROR [AdministrationDAO] [Z:\home\localhost\www\NetBeans\PhpPrimer1\DAO\UserDAO.php]: 64: Ошибка удаления строки в таблице: alluser( ОШИБКА:  UPDATE или DELETE в таблице "alluser" нарушает ограничение внешнего ключа "user_role_fkey" таблицы "role_user"
DETAIL:  На ключ (id_user)=(12) всё ещё есть ссылки в таблице "role_user".).  
2015-04-26T12:47:48+04:00 ERROR [AdministrationDAO] [Z:\home\localhost\www\NetBeans\PhpPrimer1\DAO\UserDAO.php]: 81: Ошибка добавления строки в таблицу: role_user( ОШИБКА:  нулевое значение в колонке "id_user" нарушает ограничение NOT NULL
DETAIL:  Ошибочная строка содержит (1, null).).  
2015-04-26T12:47:48+04:00 ERROR [AdministrationDAO] [Z:\home\localhost\www\NetBeans\PhpPrimer1\DAO\UserDAO.php]: 81: Ошибка добавления строки в таблицу: role_user( ОШИБКА:  нулевое значение в колонке "id_user" нарушает ограничение NOT NULL
DETAIL:  Ошибочная строка содержит (3, null).).  
2015-04-26T12:48:19+04:00 ERROR [AdministrationDAO] [Z:\home\localhost\www\NetBeans\PhpPrimer1\DAO\UserDAO.php]: 30: Ошибка добавления строки в таблицу: alluser( ОШИБКА:  повторяющееся значение ключа нарушает ограничение уникальности "must_be_different_login"
DETAIL:  Ключ "(login)=(as                                                )" уже существует.).  
2015-04-26T12:48:55+04:00 ERROR [AdministrationDAO] [Z:\home\localhost\www\NetBeans\PhpPrimer1\DAO\UserDAO.php]: 30: Ошибка добавления строки в таблицу: alluser( ОШИБКА:  повторяющееся значение ключа нарушает ограничение уникальности "must_be_different_login"
DETAIL:  Ключ "(login)=(asd                                               )" уже существует.).  
2015-04-26T12:49:28+04:00 ERROR [AdministrationDAO] [Z:\home\localhost\www\NetBeans\PhpPrimer1\DAO\UserDAO.php]: 30: Ошибка добавления строки в таблицу: alluser( ОШИБКА:  повторяющееся значение ключа нарушает ограничение уникальности "must_be_different_login"
DETAIL:  Ключ "(login)=(qwe                                               )" уже существует.).  
2015-04-26T12:54:25+04:00 ERROR [AdministrationDAO] [Z:\home\localhost\www\NetBeans\PhpPrimer1\DAO\UserDAO.php]: 30: Ошибка добавления строки в таблицу: alluser( ОШИБКА:  повторяющееся значение ключа нарушает ограничение уникальности "must_be_different_login"
DETAIL:  Ключ "(login)=(rerwqrer                                          )" уже существует.).  
2015-04-26T12:54:25+04:00 ERROR [AdministrationDAO] [Z:\home\localhost\www\NetBeans\PhpPrimer1\DAO\UserDAO.php]: 79: Ошибка добавления строки в таблицу: role_user( ОШИБКА:  повторяющееся значение ключа нарушает ограничение уникальности "must_be_different_role_user"
DETAIL:  Ключ "(id_role, id_user)=(1, 23)" уже существует.).  
2015-04-26T12:54:25+04:00 ERROR [AdministrationDAO] [Z:\home\localhost\www\NetBeans\PhpPrimer1\DAO\UserDAO.php]: 79: Ошибка добавления строки в таблицу: role_user( ОШИБКА:  повторяющееся значение ключа нарушает ограничение уникальности "must_be_different_role_user"
DETAIL:  Ключ "(id_role, id_user)=(3, 23)" уже существует.).  
2015-04-26T12:55:23+04:00 ERROR [AdministrationDAO] [Z:\home\localhost\www\NetBeans\PhpPrimer1\DAO\UserDAO.php]: 30: Ошибка добавления строки в таблицу: alluser( ОШИБКА:  повторяющееся значение ключа нарушает ограничение уникальности "must_be_different_login"
DETAIL:  Ключ "(login)=(tytr                                              )" уже существует.).  
2015-04-26T12:55:23+04:00 ERROR [AdministrationDAO] [Z:\home\localhost\www\NetBeans\PhpPrimer1\DAO\UserDAO.php]: 79: Ошибка добавления строки в таблицу: role_user( ОШИБКА:  повторяющееся значение ключа нарушает ограничение уникальности "must_be_different_role_user"
DETAIL:  Ключ "(id_role, id_user)=(3, 25)" уже существует.).  
2015-04-26T17:45:13+04:00 ERROR [AdministrationDAO] [Z:\home\localhost\www\NetBeans\PhpPrimer1\DAO\UserDAO.php]: 64: Ошибка удаления строки в таблице: alluser( ОШИБКА:  UPDATE или DELETE в таблице "alluser" нарушает ограничение внешнего ключа "user_role_fkey" таблицы "role_user"
DETAIL:  На ключ (id_user)=(25) всё ещё есть ссылки в таблице "role_user".).  
2015-04-26T17:45:26+04:00 ERROR [AdministrationDAO] [Z:\home\localhost\www\NetBeans\PhpPrimer1\DAO\UserDAO.php]: 64: Ошибка удаления строки в таблице: alluser( ОШИБКА:  UPDATE или DELETE в таблице "alluser" нарушает ограничение внешнего ключа "user_role_fkey" таблицы "role_user"
DETAIL:  На ключ (id_user)=(25) всё ещё есть ссылки в таблице "role_user".).  
2015-04-26T17:45:35+04:00 ERROR [AdministrationDAO] [Z:\home\localhost\www\NetBeans\PhpPrimer1\DAO\UserDAO.php]: 64: Ошибка удаления строки в таблице: alluser( ОШИБКА:  UPDATE или DELETE в таблице "alluser" нарушает ограничение внешнего ключа "user_role_fkey" таблицы "role_user"
DETAIL:  На ключ (id_user)=(23) всё ещё есть ссылки в таблице "role_user".).  
2015-04-27T23:01:07+04:00 ERROR [QuizDAO] [Z:\home\localhost\www\NetBeans\PhpPrimer1\DAO\QuizDAO.php]: 34: Ошибка добавления строки в таблицу: test().  
2015-04-27T23:01:19+04:00 ERROR [QuizDAO] [Z:\home\localhost\www\NetBeans\PhpPrimer1\DAO\QuizDAO.php]: 34: Ошибка добавления строки в таблицу: test().  
2015-04-27T23:29:17+04:00 ERROR [QuizDAO] [Z:\home\localhost\www\NetBeans\PhpPrimer1\DAO\QuizDAO.php]: 34: Ошибка добавления строки в таблицу: test().  
2015-04-27T23:29:22+04:00 ERROR [QuizDAO] [Z:\home\localhost\www\NetBeans\PhpPrimer1\DAO\QuizDAO.php]: 34: Ошибка добавления строки в таблицу: test().  
2015-04-27T23:48:12+04:00 ERROR [QuestionDAO] [Z:\home\localhost\www\NetBeans\PhpPrimer1\DAO\QuestionDAO.php]: 29: Ошибка добавления строки в таблицу: questions().  
